Flow report for ad9226
Thu Jun 29 15:53:39 2017
Quartus II Version 9.0 Build 132 02/25/2009 SJ Full Version


---------------------
; Table of Contents ;
---------------------
  1. Legal Notice
  2. Flow Summary
  3. Flow Settings
  4. Flow Non-Default Global Settings
  5. Flow Elapsed Time
  6. Flow OS Summary
  7. Flow Log



----------------
; Legal Notice ;
----------------
Copyright (C) 1991-2009 Altera Corporation
Your use of Altera Corporation's design tools, logic functions 
and other software and tools, and its AMPP partner logic 
functions, and any output files from any of the foregoing 
(including device programming or simulation files), and any 
associated documentation or information are expressly subject 
to the terms and conditions of the Altera Program License 
Subscription Agreement, Altera MegaCore Function License 
Agreement, or other applicable license agreement, including, 
without limitation, that your use is for the sole purpose of 
programming logic devices manufactured by Altera and sold by 
Altera or its authorized distributors.  Please refer to the 
applicable agreement for further details.



+-------------------------------------------------------------------------------+
; Flow Summary                                                                  ;
+------------------------------------+------------------------------------------+
; Flow Status                        ; Successful - Thu Jun 29 15:53:39 2017    ;
; Quartus II Version                 ; 9.0 Build 132 02/25/2009 SJ Full Version ;
; Revision Name                      ; ad9226                                   ;
; Top-level Entity Name              ; ad9226_1                                 ;
; Family                             ; Cyclone II                               ;
; Device                             ; EP2C5T144C8                              ;
; Timing Models                      ; Final                                    ;
; Met timing requirements            ; No                                       ;
; Total logic elements               ; 658 / 4,608 ( 14 % )                     ;
;     Total combinational functions  ; 401 / 4,608 ( 9 % )                      ;
;     Dedicated logic registers      ; 530 / 4,608 ( 12 % )                     ;
; Total registers                    ; 530                                      ;
; Total pins                         ; 27 / 89 ( 30 % )                         ;
; Total virtual pins                 ; 0                                        ;
; Total memory bits                  ; 26,624 / 119,808 ( 22 % )                ;
; Embedded Multiplier 9-bit elements ; 0 / 26 ( 0 % )                           ;
; Total PLLs                         ; 1 / 2 ( 50 % )                           ;
+------------------------------------+------------------------------------------+


+-----------------------------------------+
; Flow Settings                           ;
+-------------------+---------------------+
; Option            ; Setting             ;
+-------------------+---------------------+
; Start date & time ; 06/29/2017 15:53:19 ;
; Main task         ; Compilation         ;
; Revision Name     ; ad9226              ;
+-------------------+---------------------+


+-----------------------------------------------------------------------------------------------------------------------------------------------------------------------------------------+
; Flow Non-Default Global Settings                                                                                                                                                        ;
+------------------------------------+---------------------------------------------------------------------------------------------------+---------------+-------------+------------------+
; Assignment Name                    ; Value                                                                                             ; Default Value ; Entity Name ; Section Id       ;
+------------------------------------+---------------------------------------------------------------------------------------------------+---------------+-------------+------------------+
; COMPILER_SIGNATURE_ID              ; 172269377251089.149872279912704                                                                   ; --            ; --          ; --               ;
; ENABLE_SIGNALTAP                   ; On                                                                                                ; --            ; --          ; --               ;
; IP_TOOL_NAME                       ; ALTPLL                                                                                            ; --            ; --          ; --               ;
; IP_TOOL_VERSION                    ; 9.0                                                                                               ; --            ; --          ; --               ;
; MAX_CORE_JUNCTION_TEMP             ; 85                                                                                                ; --            ; --          ; --               ;
; MIN_CORE_JUNCTION_TEMP             ; 0                                                                                                 ; --            ; --          ; --               ;
; MISC_FILE                          ; pll_65M.bsf                                                                                       ; --            ; --          ; --               ;
; MISC_FILE                          ; pll_65M_bb.v                                                                                      ; --            ; --          ; --               ;
; MISC_FILE                          ; pll_65M.inc                                                                                       ; --            ; --          ; --               ;
; MISC_FILE                          ; pll_65M.cmp                                                                                       ; --            ; --          ; --               ;
; MISC_FILE                          ; pll_65M.ppf                                                                                       ; --            ; --          ; --               ;
; MISC_FILE                          ; C:/Users/Administrator/Desktop/AD9226/AD9226（12ADC-65M）模块资料/AD9226测试程序/fuhao/ad9226.dpf ; --            ; --          ; --               ;
; PARTITION_COLOR                    ; 16764057                                                                                          ; --            ; ad9226_1    ; Top              ;
; PARTITION_NETLIST_TYPE             ; SOURCE                                                                                            ; --            ; ad9226_1    ; Top              ;
; SLD_NODE_CREATOR_ID                ; 110                                                                                               ; --            ; --          ; auto_signaltap_0 ;
; SLD_NODE_ENTITY_NAME               ; sld_signaltap                                                                                     ; --            ; --          ; auto_signaltap_0 ;
; SLD_NODE_PARAMETER_ASSIGNMENT      ; SLD_DATA_BITS=13                                                                                  ; --            ; --          ; auto_signaltap_0 ;
; SLD_NODE_PARAMETER_ASSIGNMENT      ; SLD_TRIGGER_BITS=13                                                                               ; --            ; --          ; auto_signaltap_0 ;
; SLD_NODE_PARAMETER_ASSIGNMENT      ; SLD_NODE_INFO=805334528                                                                           ; --            ; --          ; auto_signaltap_0 ;
; SLD_NODE_PARAMETER_ASSIGNMENT      ; SLD_POWER_UP_TRIGGER=0                                                                            ; --            ; --          ; auto_signaltap_0 ;
; SLD_NODE_PARAMETER_ASSIGNMENT      ; SLD_STORAGE_QUALIFIER_INVERSION_MASK_LENGTH=0                                                     ; --            ; --          ; auto_signaltap_0 ;
; SLD_NODE_PARAMETER_ASSIGNMENT      ; SLD_ATTRIBUTE_MEM_MODE=OFF                                                                        ; --            ; --          ; auto_signaltap_0 ;
; SLD_NODE_PARAMETER_ASSIGNMENT      ; SLD_STATE_FLOW_USE_GENERATED=0                                                                    ; --            ; --          ; auto_signaltap_0 ;
; SLD_NODE_PARAMETER_ASSIGNMENT      ; SLD_STATE_BITS=11                                                                                 ; --            ; --          ; auto_signaltap_0 ;
; SLD_NODE_PARAMETER_ASSIGNMENT      ; SLD_BUFFER_FULL_STOP=1                                                                            ; --            ; --          ; auto_signaltap_0 ;
; SLD_NODE_PARAMETER_ASSIGNMENT      ; SLD_CURRENT_RESOURCE_WIDTH=1                                                                      ; --            ; --          ; auto_signaltap_0 ;
; SLD_NODE_PARAMETER_ASSIGNMENT      ; SLD_TRIGGER_LEVEL=1                                                                               ; --            ; --          ; auto_signaltap_0 ;
; SLD_NODE_PARAMETER_ASSIGNMENT      ; SLD_TRIGGER_IN_ENABLED=0                                                                          ; --            ; --          ; auto_signaltap_0 ;
; SLD_NODE_PARAMETER_ASSIGNMENT      ; SLD_ADVANCED_TRIGGER_ENTITY=basic,1,                                                              ; --            ; --          ; auto_signaltap_0 ;
; SLD_NODE_PARAMETER_ASSIGNMENT      ; SLD_TRIGGER_LEVEL_PIPELINE=1                                                                      ; --            ; --          ; auto_signaltap_0 ;
; SLD_NODE_PARAMETER_ASSIGNMENT      ; SLD_ENABLE_ADVANCED_TRIGGER=0                                                                     ; --            ; --          ; auto_signaltap_0 ;
; SLD_NODE_PARAMETER_ASSIGNMENT      ; SLD_INVERSION_MASK=0000000000000000000000000000000000000000000000000000000000000000               ; --            ; --          ; auto_signaltap_0 ;
; SLD_NODE_PARAMETER_ASSIGNMENT      ; SLD_INVERSION_MASK_LENGTH=64                                                                      ; --            ; --          ; auto_signaltap_0 ;
; SLD_NODE_PARAMETER_ASSIGNMENT      ; SLD_SEGMENT_SIZE=2048                                                                             ; --            ; --          ; auto_signaltap_0 ;
; SLD_NODE_PARAMETER_ASSIGNMENT      ; SLD_NODE_CRC_LOWORD=18346                                                                         ; --            ; --          ; auto_signaltap_0 ;
; SLD_NODE_PARAMETER_ASSIGNMENT      ; SLD_NODE_CRC_HIWORD=39758                                                                         ; --            ; --          ; auto_signaltap_0 ;
; SLD_NODE_PARAMETER_ASSIGNMENT      ; SLD_SAMPLE_DEPTH=2048                                                                             ; --            ; --          ; auto_signaltap_0 ;
; TOP_LEVEL_ENTITY                   ; ad9226_1                                                                                          ; ad9226        ; --          ; --               ;
; USE_GENERATED_PHYSICAL_CONSTRAINTS ; Off                                                                                               ; --            ; --          ; eda_blast_fpga   ;
; USE_SIGNALTAP_FILE                 ; stp1.stp                                                                                          ; --            ; --          ; --               ;
+------------------------------------+---------------------------------------------------------------------------------------------------+---------------+-------------+------------------+


+-----------------------------------------------------------------------------------------------------------------------------+
; Flow Elapsed Time                                                                                                           ;
+-------------------------+--------------+-------------------------+---------------------+------------------------------------+
; Module Name             ; Elapsed Time ; Average Processors Used ; Peak Virtual Memory ; Total CPU Time (on all processors) ;
+-------------------------+--------------+-------------------------+---------------------+------------------------------------+
; Analysis & Synthesis    ; 00:00:06     ; 1.0                     ; 257 MB              ; 00:00:06                           ;
; Fitter                  ; 00:00:06     ; 1.4                     ; 243 MB              ; 00:00:07                           ;
; Assembler               ; 00:00:02     ; 1.0                     ; 205 MB              ; 00:00:02                           ;
; Classic Timing Analyzer ; 00:00:01     ; 1.0                     ; 174 MB              ; 00:00:00                           ;
; Total                   ; 00:00:15     ; --                      ; --                  ; 00:00:15                           ;
+-------------------------+--------------+-------------------------+---------------------+------------------------------------+


+------------------------------------------------------------------------------------------+
; Flow OS Summary                                                                          ;
+-------------------------+------------------+---------------+------------+----------------+
; Module Name             ; Machine Hostname ; OS Name       ; OS Version ; Processor type ;
+-------------------------+------------------+---------------+------------+----------------+
; Analysis & Synthesis    ; 20150515-001910  ; Windows Vista ; 6.1        ; x86_64         ;
; Fitter                  ; 20150515-001910  ; Windows Vista ; 6.1        ; x86_64         ;
; Assembler               ; 20150515-001910  ; Windows Vista ; 6.1        ; x86_64         ;
; Classic Timing Analyzer ; 20150515-001910  ; Windows Vista ; 6.1        ; x86_64         ;
+-------------------------+------------------+---------------+------------+----------------+


------------
; Flow Log ;
------------
quartus_map --read_settings_files=on --write_settings_files=off ad9226 -c ad9226
quartus_fit --read_settings_files=off --write_settings_files=off ad9226 -c ad9226
quartus_asm --read_settings_files=off --write_settings_files=off ad9226 -c ad9226
quartus_tan --read_settings_files=off --write_settings_files=off ad9226 -c ad9226 --timing_analysis_only



